Remove Pin=M1-1 From Net=MTR1-ENB
Remove Pin=M1-7 From Net=MTR1-PWM
Remove Pin=M1-8 From Net=MTR1-DIR
Remove Pin=M1-12 From Net=MTR1-A1
Remove Pin=M1-13 From Net=MTR1-B1
Remove Pin=M1-14 From Net=MTR1-B2
Remove Pin=M2-7 From Net=MTR2-PWM
Remove Pin=M2-8 From Net=MTR2-DIR
Remove Pin=M2-11 From Net=MTR1-A2
Remove Pin=M2-12 From Net=MTR1-A1
Remove Pin=M2-13 From Net=MTR2-B1
Remove Pin=M2-14 From Net=MT2-B2
Remove Pin=M4-2 From Net=BLUE-RX
Remove Pin=M4-3 From Net=BLUE-TX
Remove Pin=M4-6 From Net=BLUE-ENB
Remove Pin=M5-26 From Net=BLUE-KEY-HC05
Remove Pin=M5-34 From Net=BLUE-KEY-HC06
Remove Pin=M9-2 From Net=RF-RXD
Remove Pin=M9-3 From Net=RF-TXD
Remove Pin=M10-1 From Net=ESP-ENB
Remove Pin=M10-2 From Net=ESP-ADC
Remove Pin=M10-3 From Net=ESP-ENB
Remove Pin=M10-4 From Net=ESP-GPIO16
Remove Pin=M10-5 From Net=ESP-GPIO14
Remove Pin=M10-6 From Net=ESP-GPIO12
Remove Pin=M10-7 From Net=ESP-GPIO13
Remove Pin=M10-9 From Net=ESP-SPI-MOSI
Remove Pin=M10-10 From Net=ESP-SPI-MISO
Remove Pin=M10-11 From Net=ESP-GPIO9
Remove Pin=M10-12 From Net=ESP-GPIO10
Remove Pin=M10-13 From Net=ESP-SPI-INT
Remove Pin=M10-14 From Net=ESP-SPI-CLK
Remove Pin=M10-16 From Net=ESP-GPIO15
Remove Pin=M10-17 From Net=ESP-ENB
Remove Pin=M10-18 From Net=ESP-ENB
Remove Pin=M10-19 From Net=ESP-GPIO4
Remove Pin=M10-20 From Net=ESP-GPIO5
Remove Pin=M10-21 From Net=ESP-RX
Remove Pin=M10-22 From Net=ESP-TX
Remove Pin=M?-2 From Net=RF-RXD
Remove Pin=M?-3 From Net=RF-TXD
Remove Pin=M?-4 From Net=RF-SET
Remove Pin=M?-5 From Net=RF-CS
Remove Pin=U4-1 From Net=ENC-1A-
Remove Pin=U4-3 From Net=ENC-1B
Remove Pin=U4-5 From Net=ENC-2A
Remove Pin=U4-9 From Net=ENC-2B
Remove Pin=U5-4 From Net=USB-D_P
Remove Pin=U5-5 From Net=USB-D_N
Remove Pin=U5-24 From Net=CP2102-RTS
Remove Pin=U5-25 From Net=ESP-TX
Remove Pin=U5-28 From Net=CP2102-DTR
Remove Pin=U6-30 From Net=DWM-LED-TX
Remove Pin=U6-31 From Net=DWM-LED-RX
Remove Pin=U6-32 From Net=DWM-BLUE-WAKE
