Remove Pin=J1-2 From Net=LED
Remove Pin=J2-2 From Net=USB-D_N
Remove Pin=J2-3 From Net=USP-D_P
Remove Pin=P3-1 From Net=SWDIO
Remove Pin=P3-2 From Net=SWCLK
Remove Pin=P6-2 From Net=NetLabel1
Remove Pin=P7-1 From Net=MTR1-C1
Remove Pin=P7-2 From Net=MTR1-C2
Remove Pin=P7-3 From Net=MTR1-C3
Remove Pin=P7-4 From Net=MTR1-C4
Remove Pin=P8-1 From Net=MTR2-C1
Remove Pin=P8-2 From Net=MTR2-C2
Remove Pin=P8-3 From Net=MTR2-C3
Remove Pin=P8-4 From Net=MTR2-C4
Remove Pin=P9-1 From Net=MTR1-A1
Remove Pin=P9-2 From Net=MTR1-C1
Remove Pin=P9-3 From Net=MTR1-PWM
Remove Pin=P10-1 From Net=MTR1-A2
Remove Pin=P10-2 From Net=MTR1-C2
Remove Pin=P10-3 From Net=MTR1-DIR
Remove Pin=P11-1 From Net=MTR1-B1
Remove Pin=P11-2 From Net=MTR1-C3
Remove Pin=P12-1 From Net=MTR1-B2
Remove Pin=P12-2 From Net=MTR1-C4
Remove Pin=P13-1 From Net=MTR2-A1
Remove Pin=P13-2 From Net=MTR2-C1
Remove Pin=P13-3 From Net=MTR2-PWM
Remove Pin=P14-1 From Net=MTR2-A2
Remove Pin=P14-2 From Net=MTR2-C2
Remove Pin=P14-3 From Net=MTR2-DIR
Remove Pin=P15-1 From Net=MTR2-B1
Remove Pin=P15-2 From Net=MTR2-C3
Remove Pin=P16-1 From Net=MTR2-B2
Remove Pin=P16-2 From Net=MTR2-C4
Remove Pin=P20-1 From Net=3V3-ENC
Remove Pin=P20-2 From Net=ENC-1A
Remove Pin=P20-3 From Net=ENC-1B
Remove Pin=P21-1 From Net=3V3-ENC
Remove Pin=P21-2 From Net=ENC-2A
Remove Pin=P21-3 From Net=ENC-2B
Remove Pin=P22-1 From Net=BLUE-KEY-HC05
Remove Pin=P22-2 From Net=BLUE-KEY
Remove Pin=P22-3 From Net=BLUE-KEY-HC06
Remove Pin=P23-1 From Net=BLUE-TX
Remove Pin=P23-2 From Net=BLUE-RX
Remove Pin=P32-2 From Net=DWM-READY
Remove Pin=P32-3 From Net=DWM-RX
Remove Pin=Q5-3 From Net=ESP-ENB
Remove Pin=Q6-3 From Net=ESP-ENB
Remove Pin=R3-1 From Net=BUZZER
Remove Pin=R5-1 From Net=BOOT0
Remove Pin=R6-1 From Net=LED
Remove Pin=R37-2 From Net=DWM-TX-LED
Remove Pin=R38-2 From Net=DWM-RX-LED
Remove Pin=U1-2 From Net=BUZZER
Remove Pin=U1-7 From Net=NRST
Remove Pin=U1-18 From Net=BTN
Remove Pin=U1-29 From Net=LED
Remove Pin=U1-34 From Net=SWDIO
Remove Pin=U1-37 From Net=SWCLK
Remove Pin=U2-13 From Net=MTR2-ENB
Remove Pin=U2-14 From Net=MTR1-ENB
Remove Pin=U2-15 From Net=MTR2-DIR
Remove Pin=U2-16 From Net=MTR2-PWM
Remove Pin=U2-17 From Net=MTR1-DIR
Remove Pin=U2-18 From Net=MTR1-PWM
